Determining if the Q_WS_WIN exist failed with the following output:
Change Dir: /home/samy/Documents/fac/master/S1/mobj/NetlistViewer/build/CMakeFiles/CMakeTmp

Run Build Command(s):/usr/bin/make -f Makefile cmTC_32315/fast && /usr/bin/make  -f CMakeFiles/cmTC_32315.dir/build.make CMakeFiles/cmTC_32315.dir/build
make[1]: Entering directory '/home/samy/Documents/fac/master/S1/mobj/NetlistViewer/build/CMakeFiles/CMakeTmp'
Building CXX object CMakeFiles/cmTC_32315.dir/CheckSymbolExists.cxx.o
/usr/bin/c++  -I/usr/include/qt4 -Wall -g  -o CMakeFiles/cmTC_32315.dir/CheckSymbolExists.cxx.o -c /home/samy/Documents/fac/master/S1/mobj/NetlistViewer/build/CMakeFiles/CMakeTmp/CheckSymbolExists.cxx
/home/samy/Documents/fac/master/S1/mobj/NetlistViewer/build/CMakeFiles/CMakeTmp/CheckSymbolExists.cxx: In function ‘int main(int, char**)’:
/home/samy/Documents/fac/master/S1/mobj/NetlistViewer/build/CMakeFiles/CMakeTmp/CheckSymbolExists.cxx:8:19: error: ‘Q_WS_WIN’ was not declared in this scope
    8 |   return ((int*)(&Q_WS_WIN))[argc];
      |                   ^~~~~~~~
make[1]: *** [CMakeFiles/cmTC_32315.dir/build.make:78: CMakeFiles/cmTC_32315.dir/CheckSymbolExists.cxx.o] Error 1
make[1]: Leaving directory '/home/samy/Documents/fac/master/S1/mobj/NetlistViewer/build/CMakeFiles/CMakeTmp'
make: *** [Makefile:127: cmTC_32315/fast] Error 2


File /home/samy/Documents/fac/master/S1/mobj/NetlistViewer/build/CMakeFiles/CMakeTmp/CheckSymbolExists.cxx:
/* */
#include <QtCore/qglobal.h>

int main(int argc, char** argv)
{
  (void)argv;
#ifndef Q_WS_WIN
  return ((int*)(&Q_WS_WIN))[argc];
#else
  (void)argc;
  return 0;
#endif
}
Determining if the Q_WS_QWS exist failed with the following output:
Change Dir: /home/samy/Documents/fac/master/S1/mobj/NetlistViewer/build/CMakeFiles/CMakeTmp

Run Build Command(s):/usr/bin/make -f Makefile cmTC_43af4/fast && /usr/bin/make  -f CMakeFiles/cmTC_43af4.dir/build.make CMakeFiles/cmTC_43af4.dir/build
make[1]: Entering directory '/home/samy/Documents/fac/master/S1/mobj/NetlistViewer/build/CMakeFiles/CMakeTmp'
Building CXX object CMakeFiles/cmTC_43af4.dir/CheckSymbolExists.cxx.o
/usr/bin/c++  -I/usr/include/qt4 -Wall -g  -o CMakeFiles/cmTC_43af4.dir/CheckSymbolExists.cxx.o -c /home/samy/Documents/fac/master/S1/mobj/NetlistViewer/build/CMakeFiles/CMakeTmp/CheckSymbolExists.cxx
/home/samy/Documents/fac/master/S1/mobj/NetlistViewer/build/CMakeFiles/CMakeTmp/CheckSymbolExists.cxx: In function ‘int main(int, char**)’:
/home/samy/Documents/fac/master/S1/mobj/NetlistViewer/build/CMakeFiles/CMakeTmp/CheckSymbolExists.cxx:8:19: error: ‘Q_WS_QWS’ was not declared in this scope
    8 |   return ((int*)(&Q_WS_QWS))[argc];
      |                   ^~~~~~~~
make[1]: *** [CMakeFiles/cmTC_43af4.dir/build.make:78: CMakeFiles/cmTC_43af4.dir/CheckSymbolExists.cxx.o] Error 1
make[1]: Leaving directory '/home/samy/Documents/fac/master/S1/mobj/NetlistViewer/build/CMakeFiles/CMakeTmp'
make: *** [Makefile:127: cmTC_43af4/fast] Error 2


File /home/samy/Documents/fac/master/S1/mobj/NetlistViewer/build/CMakeFiles/CMakeTmp/CheckSymbolExists.cxx:
/* */
#include <QtCore/qglobal.h>

int main(int argc, char** argv)
{
  (void)argv;
#ifndef Q_WS_QWS
  return ((int*)(&Q_WS_QWS))[argc];
#else
  (void)argc;
  return 0;
#endif
}
Determining if the Q_WS_MAC exist failed with the following output:
Change Dir: /home/samy/Documents/fac/master/S1/mobj/NetlistViewer/build/CMakeFiles/CMakeTmp

Run Build Command(s):/usr/bin/make -f Makefile cmTC_7fe0f/fast && /usr/bin/make  -f CMakeFiles/cmTC_7fe0f.dir/build.make CMakeFiles/cmTC_7fe0f.dir/build
make[1]: Entering directory '/home/samy/Documents/fac/master/S1/mobj/NetlistViewer/build/CMakeFiles/CMakeTmp'
Building CXX object CMakeFiles/cmTC_7fe0f.dir/CheckSymbolExists.cxx.o
/usr/bin/c++  -I/usr/include/qt4 -Wall -g  -o CMakeFiles/cmTC_7fe0f.dir/CheckSymbolExists.cxx.o -c /home/samy/Documents/fac/master/S1/mobj/NetlistViewer/build/CMakeFiles/CMakeTmp/CheckSymbolExists.cxx
/home/samy/Documents/fac/master/S1/mobj/NetlistViewer/build/CMakeFiles/CMakeTmp/CheckSymbolExists.cxx: In function ‘int main(int, char**)’:
/home/samy/Documents/fac/master/S1/mobj/NetlistViewer/build/CMakeFiles/CMakeTmp/CheckSymbolExists.cxx:8:19: error: ‘Q_WS_MAC’ was not declared in this scope
    8 |   return ((int*)(&Q_WS_MAC))[argc];
      |                   ^~~~~~~~
make[1]: *** [CMakeFiles/cmTC_7fe0f.dir/build.make:78: CMakeFiles/cmTC_7fe0f.dir/CheckSymbolExists.cxx.o] Error 1
make[1]: Leaving directory '/home/samy/Documents/fac/master/S1/mobj/NetlistViewer/build/CMakeFiles/CMakeTmp'
make: *** [Makefile:127: cmTC_7fe0f/fast] Error 2


File /home/samy/Documents/fac/master/S1/mobj/NetlistViewer/build/CMakeFiles/CMakeTmp/CheckSymbolExists.cxx:
/* */
#include <QtCore/qglobal.h>

int main(int argc, char** argv)
{
  (void)argv;
#ifndef Q_WS_MAC
  return ((int*)(&Q_WS_MAC))[argc];
#else
  (void)argc;
  return 0;
#endif
}
